> Task :compileJava UP-TO-DATE
> Task :processResources
> Task :classes
> Task :resolveMainClassName

> Task :bootRun

  .   ____          _            __ _ _
 /\\ / ___'_ __ _ _(_)_ __  __ _ \ \ \ \
( ( )\___ | '_ | '_| | '_ \/ _` | \ \ \ \
 \\/  ___)| |_)| | | | | || (_| |  ) ) ) )
  '  |____| .__|_| |_|_| |_\__, | / / / /
 =========|_|==============|___/=/_/_/_/

 :: Spring Boot ::      (v3.5.13-SNAPSHOT)

2026-03-21T23:09:30.158+07:00  INFO 55093 --- [furniture-project] [           main] c.furniture.FurnitureProjectApplication  : Starting FurnitureProjectApplication using Java 21.0.9 with PID 55093 (/Users/truongnh/Documents/english/furniture-project/build/classes/java/main started by truongnh in /Users/truongnh/Documents/english/furniture-project)
2026-03-21T23:09:30.158+07:00  INFO 55093 --- [furniture-project] [           main] c.furniture.FurnitureProjectApplication  : No active profile set, falling back to 1 default profile: "default"
2026-03-21T23:09:30.359+07:00  INFO 55093 --- [furniture-project] [           main] o.s.b.w.embedded.tomcat.TomcatWebServer  : Tomcat initialized with port 8080 (http)
2026-03-21T23:09:30.363+07:00  INFO 55093 --- [furniture-project] [           main] o.apache.catalina.core.StandardService   : Starting service [Tomcat]
2026-03-21T23:09:30.363+07:00  INFO 55093 --- [furniture-project] [           main] o.apache.catalina.core.StandardEngine    : Starting Servlet engine: [Apache Tomcat/10.1.52]
2026-03-21T23:09:30.376+07:00  INFO 55093 --- [furniture-project] [           main] o.a.c.c.C.[Tomcat].[localhost].[/]       : Initializing Spring embedded WebApplicationContext
2026-03-21T23:09:30.376+07:00  INFO 55093 --- [furniture-project] [           main] w.s.c.ServletWebServerApplicationContext : Root WebApplicationContext: initialization completed in 203 ms
2026-03-21T23:09:30.401+07:00  INFO 55093 --- [furniture-project] [           main] o.s.b.a.w.s.WelcomePageHandlerMapping    : Adding welcome page template: index
2026-03-21T23:09:30.461+07:00  INFO 55093 --- [furniture-project] [           main] o.s.b.w.embedded.tomcat.TomcatWebServer  : Tomcat started on port 8080 (http) with context path '/'
2026-03-21T23:09:30.463+07:00  INFO 55093 --- [furniture-project] [           main] c.furniture.FurnitureProjectApplication  : Started FurnitureProjectApplication in 0.403 seconds (process running for 0.477)
2026-03-21T23:09:46.845+07:00  INFO 55093 --- [furniture-project] [nio-8080-exec-1] o.a.c.c.C.[Tomcat].[localhost].[/]       : Initializing Spring DispatcherServlet 'dispatcherServlet'
2026-03-21T23:09:46.845+07:00  INFO 55093 --- [furniture-project] [nio-8080-exec-1] o.s.web.servlet.DispatcherServlet        : Initializing Servlet 'dispatcherServlet'
2026-03-21T23:09:46.846+07:00  INFO 55093 --- [furniture-project] [nio-8080-exec-1] o.s.web.servlet.DispatcherServlet        : Completed initialization in 1 ms

> Task :bootRun FAILED

FAILURE: Build failed with an exception.

* What went wrong:
Execution failed for task ':bootRun'.
> Process 'command '/Library/Java/JavaVirtualMachines/temurin-21.jdk/Contents/Home/bin/java'' finished with non-zero exit value 137

* Try:
> Run with --stacktrace option to get the stack trace.
> Run with --info or --debug option to get more log output.
> Run with --scan to get full insights.
> Get more help at https://help.gradle.org.

BUILD FAILED in 1h 45m 42s
4 actionable tasks: 3 executed, 1 up-to-date
